2021-04-17 14:37:32,314 [main] INFO Zoopla Automation - ******** > Test excuted with chrome browser  < ***********
2021-04-17 14:37:35,210 [main] INFO Zoopla Automation - ******** > User able to enter URL  < ***********
2021-04-17 14:37:37,618 [main] INFO Zoopla Automation - ******** > User able click on Accept the cookies < ***********
2021-04-17 14:37:37,820 [main] INFO Zoopla Automation - ******** > User able to click on the login button < ***********
2021-04-17 14:37:39,244 [main] INFO Zoopla Automation - ******** > User enter the userName & Peassword < ***********
2021-04-17 14:37:39,677 [main] INFO Zoopla Automation - ******** > User click on the signing button < ***********
2021-04-17 14:37:39,705 [main] INFO Zoopla Automation - ******** > User able to verify successfully login & verify the homepage title < ***********
2021-04-17 14:38:53,316 [main] INFO Zoopla Automation - ******** > Test excuted with chrome browser  < ***********
2021-04-17 14:38:56,102 [main] INFO Zoopla Automation - ******** > User able to enter URL  < ***********
2021-04-17 14:38:58,442 [main] INFO Zoopla Automation - ******** > User able click on Accept the cookies < ***********
2021-04-17 14:38:58,651 [main] INFO Zoopla Automation - ******** > User able to click on the login button < ***********
2021-04-17 14:39:00,310 [main] INFO Zoopla Automation - ******** > User enter the userName & Peassword < ***********
2021-04-17 14:39:00,707 [main] INFO Zoopla Automation - ******** > User click on the signing button < ***********
2021-04-17 14:39:00,734 [main] INFO Zoopla Automation - ******** > User able to verify successfully login & verify the homepage title < ***********
2021-04-17 14:58:39,171 [main] INFO Zoopla Automation - ******** > Test excuted with chrome browser  < ***********
2021-04-17 14:58:42,121 [main] INFO Zoopla Automation - ******** > User able to enter URL  < ***********
2021-04-17 14:58:44,402 [main] INFO Zoopla Automation - ******** > User able click on Accept the cookies < ***********
2021-04-17 14:58:44,603 [main] INFO Zoopla Automation - ******** > User able to click on the login button < ***********
2021-04-17 14:58:46,305 [main] INFO Zoopla Automation - ******** > User enter the userName & Peassword < ***********
2021-04-17 14:58:46,686 [main] INFO Zoopla Automation - ******** > User click on the signing button < ***********
2021-04-17 14:58:46,710 [main] INFO Zoopla Automation - ******** > User able to verify successfully login & verify the homepage title < ***********
2021-04-17 15:00:10,796 [main] INFO Zoopla Automation - ******** > Test excuted with chrome browser  < ***********
2021-04-17 15:00:13,099 [main] INFO Zoopla Automation - ******** > User able to enter URL  < ***********
2021-04-17 15:00:14,929 [main] INFO Zoopla Automation - ******** > User able click on Accept the cookies < ***********
2021-04-17 15:00:15,118 [main] INFO Zoopla Automation - ******** > User able to click on the login button < ***********
2021-04-17 15:00:16,541 [main] INFO Zoopla Automation - ******** > User enter the userName & Peassword < ***********
2021-04-17 15:00:16,929 [main] INFO Zoopla Automation - ******** > User click on the signing button < ***********
2021-04-17 15:00:16,957 [main] INFO Zoopla Automation - ******** > User able to verify successfully login & verify the homepage title < ***********
2021-04-17 15:01:29,014 [main] INFO Zoopla Automation - ******** > Test excuted with chrome browser  < ***********
2021-04-17 15:01:31,457 [main] INFO Zoopla Automation - ******** > User able to enter URL  < ***********
2021-04-17 15:01:33,077 [main] INFO Zoopla Automation - ******** > User able click on Accept the cookies < ***********
2021-04-17 15:01:33,247 [main] INFO Zoopla Automation - ******** > User able to click on the login button < ***********
2021-04-17 15:01:34,989 [main] INFO Zoopla Automation - ******** > User enter the userName & Peassword < ***********
2021-04-17 15:01:35,349 [main] INFO Zoopla Automation - ******** > User click on the signing button < ***********
2021-04-17 15:01:35,375 [main] INFO Zoopla Automation - ******** > User able to verify successfully login & verify the homepage title < ***********
2021-04-17 15:03:02,312 [main] INFO Zoopla Automation - ******** > Test excuted with chrome browser  < ***********
2021-04-17 15:03:04,648 [main] INFO Zoopla Automation - ******** > User able to enter URL  < ***********
2021-04-17 15:03:07,254 [main] INFO Zoopla Automation - ******** > User able click on Accept the cookies < ***********
2021-04-17 15:03:07,450 [main] INFO Zoopla Automation - ******** > User able to click on the login button < ***********
2021-04-17 15:03:09,040 [main] INFO Zoopla Automation - ******** > User enter the userName & Peassword < ***********
2021-04-17 15:03:09,387 [main] INFO Zoopla Automation - ******** > User click on the signing button < ***********
2021-04-17 15:03:09,419 [main] INFO Zoopla Automation - ******** > User able to verify successfully login & verify the homepage title < ***********
2021-04-17 15:03:11,437 [main] INFO Zoopla Automation - ******** > User able to take screen shot for verfy the homepage < ***********
2021-04-17 15:15:04,298 [main] INFO Zoopla Automation - ******** > Test excuted with chrome browser  < ***********
2021-04-17 15:15:06,672 [main] INFO Zoopla Automation - ******** > User able to enter URL  < ***********
2021-04-17 15:15:08,714 [main] INFO Zoopla Automation - ******** > User able click on Accept the cookies < ***********
2021-04-17 15:15:08,894 [main] INFO Zoopla Automation - ******** > User able to click on the login button < ***********
2021-04-17 15:15:09,849 [main] INFO Zoopla Automation - ******** > User enter the userName & Peassword < ***********
2021-04-17 15:15:10,394 [main] INFO Zoopla Automation - ******** > User click on the signing button < ***********
2021-04-17 15:15:10,419 [main] INFO Zoopla Automation - ******** > User able to verify successfully login & verify the homepage title < ***********
2021-04-17 15:15:12,435 [main] INFO Zoopla Automation - ******** > User able to take screen shot for verfy the homepage < ***********
2021-04-17 16:20:16,992 [main] INFO Zoopla Automation - ******** > Test excuted with chrome browser  < ***********
2021-04-17 16:20:19,929 [main] INFO Zoopla Automation - ******** > User able to enter URL  < ***********
2021-04-17 16:20:21,512 [main] INFO Zoopla Automation - ******** > User able click on Accept the cookies < ***********
2021-04-17 16:20:21,697 [main] INFO Zoopla Automation - ******** > User able to click on the login button < ***********
2021-04-17 16:20:23,165 [main] INFO Zoopla Automation - ******** > User enter the userName & Peassword < ***********
2021-04-17 16:20:23,504 [main] INFO Zoopla Automation - ******** > User click on the signing button < ***********
2021-04-17 16:20:23,529 [main] INFO Zoopla Automation - ******** > User able to verify successfully login & verify the homepage title < ***********
2021-04-17 16:20:25,550 [main] INFO Zoopla Automation - ******** > User able to take screen shot for verfy the homepage < ***********
2021-04-17 16:24:01,562 [main] INFO Zoopla Automation - ******** > Test excuted with chrome browser  < ***********
2021-04-17 16:24:04,132 [main] INFO Zoopla Automation - ******** > User able to enter URL  < ***********
2021-04-17 16:24:06,105 [main] INFO Zoopla Automation - ******** > User able click on Accept the cookies < ***********
2021-04-17 16:24:06,301 [main] INFO Zoopla Automation - ******** > User able to click on the login button < ***********
2021-04-17 16:24:08,645 [main] INFO Zoopla Automation - ******** > User enter the userName & Peassword < ***********
2021-04-17 16:24:09,040 [main] INFO Zoopla Automation - ******** > User click on the signing button < ***********
2021-04-17 16:24:09,064 [main] INFO Zoopla Automation - ******** > User able to verify successfully login & verify the homepage title < ***********
2021-04-17 16:24:11,077 [main] INFO Zoopla Automation - ******** > User able to take screen shot for verfy the homepage < ***********
2021-04-17 16:47:40,753 [main] INFO Zoopla Automation - ******** > Test excuted with chrome browser  < ***********
2021-04-17 16:47:43,724 [main] INFO Zoopla Automation - ******** > User able to enter URL  < ***********
2021-04-17 16:47:45,253 [main] INFO Zoopla Automation - ******** > User able click on Accept the cookies < ***********
2021-04-17 16:47:45,444 [main] INFO Zoopla Automation - ******** > User able to click on the login button < ***********
2021-04-17 16:47:46,907 [main] INFO Zoopla Automation - ******** > User enter the userName & Peassword < ***********
2021-04-17 16:47:47,251 [main] INFO Zoopla Automation - ******** > User click on the signing button < ***********
2021-04-17 16:47:47,272 [main] INFO Zoopla Automation - ******** > User able to verify successfully login & verify the homepage title < ***********
2021-04-17 16:47:49,285 [main] INFO Zoopla Automation - ******** > User able to take screen shot for verfy the homepage < ***********
2021-04-21 17:58:50,335 [main] INFO Zoopla Automation - ******** > Test excuted with chrome browser  < ***********
2021-04-21 17:59:34,220 [main] INFO Zoopla Automation - ******** > Test excuted with chrome browser  < ***********
2021-04-22 22:44:46,152 [main] INFO Zoopla Automation - ******** > Test excuted with chrome browser  < ***********
2021-04-22 22:45:04,086 [main] INFO Zoopla Automation - ******** > Test excuted with chrome browser  < ***********
2021-04-22 22:46:09,372 [main] INFO Zoopla Automation - ******** > Test excuted with chrome browser  < ***********
2021-04-22 22:49:07,198 [main] INFO Zoopla Automation - ******** > Test excuted with chrome browser  < ***********
2021-04-22 22:49:58,270 [main] INFO Zoopla Automation - ******** > Test excuted with chrome browser  < ***********
2021-04-22 22:50:03,718 [main] INFO Zoopla Automation - ******** > User able to enter URL  < ***********
2021-04-22 22:50:07,516 [main] INFO Zoopla Automation - ******** > User able click on Accept the cookies < ***********
2021-04-22 22:50:07,688 [main] INFO Zoopla Automation - ******** > User able to click on the login button < ***********
2021-04-22 22:50:10,593 [main] INFO Zoopla Automation - ******** > User enter the userName & Peassword < ***********
2021-04-22 22:50:10,891 [main] INFO Zoopla Automation - ******** > User click on the signing button < ***********
2021-04-22 22:50:10,913 [main] INFO Zoopla Automation - ******** > User able to verify successfully login & verify the homepage title < ***********
2021-04-22 22:50:12,925 [main] INFO Zoopla Automation - ******** > User able to take screen shot for verfy the homepage < ***********
2021-04-22 22:51:23,880 [main] INFO Zoopla Automation - ******** > Test excuted with chrome browser  < ***********
2021-04-22 22:51:25,864 [main] INFO Zoopla Automation - ******** > User able to enter URL  < ***********
2021-04-22 22:51:28,620 [main] INFO Zoopla Automation - ******** > User able click on Accept the cookies < ***********
2021-04-22 22:51:28,779 [main] INFO Zoopla Automation - ******** > User able to click on the login button < ***********
2021-04-22 22:51:31,374 [main] INFO Zoopla Automation - ******** > User enter the userName & Peassword < ***********
2021-04-22 22:51:31,627 [main] INFO Zoopla Automation - ******** > User click on the signing button < ***********
2021-04-22 22:51:31,644 [main] INFO Zoopla Automation - ******** > User able to verify successfully login & verify the homepage title < ***********
2021-04-22 22:51:33,656 [main] INFO Zoopla Automation - ******** > User able to take screen shot for verfy the homepage < ***********
2021-04-22 22:56:45,108 [main] INFO Zoopla Automation - ******** > Test excuted with chrome browser  < ***********
2021-04-22 22:56:47,225 [main] INFO Zoopla Automation - ******** > User able to enter URL  < ***********
2021-04-22 22:57:02,754 [main] INFO Zoopla Automation - ******** > User able click on Accept the cookies < ***********
2021-04-22 22:57:02,912 [main] INFO Zoopla Automation - ******** > User able to click on the login button < ***********
2021-04-22 22:57:10,595 [main] INFO Zoopla Automation - ******** > User enter the userName & Peassword < ***********
2021-04-22 22:57:10,880 [main] INFO Zoopla Automation - ******** > User click on the signing button < ***********
2021-04-22 22:57:10,898 [main] INFO Zoopla Automation - ******** > User able to verify successfully login & verify the homepage title < ***********
2021-04-22 22:57:12,909 [main] INFO Zoopla Automation - ******** > User able to take screen shot for verfy the homepage < ***********
2021-04-22 22:58:58,549 [main] INFO Zoopla Automation - ******** > Test excuted with chrome browser  < ***********
2021-04-22 22:59:00,427 [main] INFO Zoopla Automation - ******** > User able to enter URL  < ***********
2021-08-07 23:10:09,942 [main] INFO Zoopla Automation - ******** > Test excuted with chrome browser  < ***********
2021-08-07 23:10:12,630 [main] INFO Zoopla Automation - ******** > User able to enter URL  < ***********
2021-08-07 23:10:15,279 [main] INFO Zoopla Automation - ******** > User able click on Accept the cookies < ***********
2021-08-07 23:10:15,677 [main] INFO Zoopla Automation - ******** > User able to click on the login button < ***********
2021-08-07 23:12:25,021 [main] INFO Zoopla Automation - ******** > Test excuted with chrome browser  < ***********
2021-08-07 23:12:27,729 [main] INFO Zoopla Automation - ******** > User able to enter URL  < ***********
2021-08-07 23:12:30,525 [main] INFO Zoopla Automation - ******** > User able click on Accept the cookies < ***********
2021-08-07 23:12:30,895 [main] INFO Zoopla Automation - ******** > User able to click on the login button < ***********
2021-08-07 23:12:33,858 [main] INFO Zoopla Automation - ******** > User enter the userName & Peassword < ***********
2021-08-07 23:12:34,349 [main] INFO Zoopla Automation - ******** > User click on the signing button < ***********
2021-08-07 23:12:34,385 [main] INFO Zoopla Automation - ******** > User able to verify successfully login & verify the homepage title < ***********
2021-08-07 23:12:36,399 [main] INFO Zoopla Automation - ******** > User able to take screen shot for verfy the homepage < ***********
2021-08-10 13:18:34,008 [main] INFO Zoopla Automation - ******** > Test excuted with chrome browser  < ***********
2021-08-10 13:18:39,442 [main] INFO Zoopla Automation - ******** > User able to enter URL  < ***********
2021-08-10 13:18:42,662 [main] INFO Zoopla Automation - ******** > User able click on Accept the cookies < ***********
2021-08-10 13:18:43,437 [main] INFO Zoopla Automation - ******** > User able to click on the login button < ***********
2021-08-10 13:18:44,332 [main] INFO Zoopla Automation - ******** > User enter the userName & Peassword < ***********
2021-08-10 13:18:45,689 [main] INFO Zoopla Automation - ******** > User click on the signing button < ***********
2021-08-10 13:18:45,781 [main] INFO Zoopla Automation - ******** > User able to verify successfully login & verify the homepage title < ***********
2021-08-10 13:20:53,769 [main] INFO Zoopla Automation - ******** > Test excuted with chrome browser  < ***********
2021-08-10 13:20:58,395 [main] INFO Zoopla Automation - ******** > User able to enter URL  < ***********
2021-08-10 13:21:02,038 [main] INFO Zoopla Automation - ******** > User able click on Accept the cookies < ***********
2021-08-10 13:21:02,693 [main] INFO Zoopla Automation - ******** > User able to click on the login button < ***********
2021-08-10 13:21:03,587 [main] INFO Zoopla Automation - ******** > User enter the userName & Peassword < ***********
2021-08-10 13:21:05,106 [main] INFO Zoopla Automation - ******** > User click on the signing button < ***********
2021-08-10 13:21:05,163 [main] INFO Zoopla Automation - ******** > User able to verify successfully login & verify the homepage title < ***********
2021-08-10 13:22:35,356 [main] INFO Zoopla Automation - ******** > Test excuted with chrome browser  < ***********
2021-08-10 13:22:40,148 [main] INFO Zoopla Automation - ******** > User able to enter URL  < ***********
2021-08-10 13:22:43,684 [main] INFO Zoopla Automation - ******** > User able click on Accept the cookies < ***********
2021-08-10 13:22:44,255 [main] INFO Zoopla Automation - ******** > User able to click on the login button < ***********
2021-08-10 13:22:45,357 [main] INFO Zoopla Automation - ******** > User enter the userName & Peassword < ***********
2021-08-10 13:22:47,389 [main] INFO Zoopla Automation - ******** > User click on the signing button < ***********
2021-08-10 13:22:47,668 [main] INFO Zoopla Automation - ******** > User able to verify successfully login & verify the homepage title < ***********
2021-08-10 13:23:16,385 [main] INFO Zoopla Automation - ******** > Test excuted with chrome browser  < ***********
2021-08-10 13:23:21,199 [main] INFO Zoopla Automation - ******** > User able to enter URL  < ***********
2021-08-10 13:23:28,096 [main] INFO Zoopla Automation - ******** > User able click on Accept the cookies < ***********
2021-08-10 13:23:28,796 [main] INFO Zoopla Automation - ******** > User able to click on the login button < ***********
2021-08-10 13:23:29,824 [main] INFO Zoopla Automation - ******** > User enter the userName & Peassword < ***********
2021-08-10 13:23:31,433 [main] INFO Zoopla Automation - ******** > User click on the signing button < ***********
2021-08-10 13:23:31,535 [main] INFO Zoopla Automation - ******** > User able to verify successfully login & verify the homepage title < ***********
2021-08-10 13:23:33,576 [main] INFO Zoopla Automation - ******** > User able to take screen shot for verfy the homepage < ***********
2021-08-11 12:19:02,969 [main] INFO Zoopla Automation - ******** > Test excuted with chrome browser  < ***********
2021-08-11 12:19:05,607 [main] INFO Zoopla Automation - ******** > User able to enter URL  < ***********
2021-08-11 12:19:07,844 [main] INFO Zoopla Automation - ******** > User able click on Accept the cookies < ***********
2021-08-11 12:19:08,155 [main] INFO Zoopla Automation - ******** > User able to click on the login button < ***********
2021-08-11 12:19:08,574 [main] INFO Zoopla Automation - ******** > User enter the userName & Peassword < ***********
2021-08-11 12:19:10,055 [main] INFO Zoopla Automation - ******** > User click on the signing button < ***********
2021-08-11 12:19:10,103 [main] INFO Zoopla Automation - ******** > User able to verify successfully login & verify the homepage title < ***********
2021-08-11 12:19:12,115 [main] INFO Zoopla Automation - ******** > User able to take screen shot for verfy the homepage < ***********
